2018-05-08 19:09:26,889 [Worker-2] INFO  c.g.t.t.d.PublishedGradleVersions - Gradle version information cache is out-of-date. Trying to update.
2018-05-08 19:11:24,984 [Worker-5] INFO  o.e.m.c.i.l.LifecycleMappingFactory - Using org.eclipse.m2e.jdt.JarLifecycleMapping lifecycle mapping for MavenProject: Server:server:0.0.1-SNAPSHOT @ D:\Study\Java\CommandCenter\server\pom.xml.
2018-05-08 19:11:24,984 [Worker-0] INFO  o.e.m.c.i.l.LifecycleMappingFactory - Using org.eclipse.m2e.jdt.JarLifecycleMapping lifecycle mapping for MavenProject: Server:server:0.0.1-SNAPSHOT @ D:\Study\Java\CommandCenter\server\pom.xml.
2018-05-08 19:11:27,184 [Worker-0] INFO  o.e.m.c.i.embedder.EclipseLogger - Using 'UTF-8' encoding to copy filtered resources.
2018-05-08 19:11:27,185 [Worker-0] INFO  o.e.m.c.i.embedder.EclipseLogger - skip non existing resourceDirectory D:\Study\Java\CommandCenter\server\src\main\resources
2018-05-08 19:11:27,187 [Worker-0] INFO  o.e.m.c.i.embedder.EclipseLogger - Using 'UTF-8' encoding to copy filtered resources.
2018-05-08 19:11:27,188 [Worker-0] INFO  o.e.m.c.i.embedder.EclipseLogger - skip non existing resourceDirectory D:\Study\Java\CommandCenter\server\src\test\resources
2018-05-08 19:11:28,845 [Worker-16] INFO  o.e.m.c.i.embedder.EclipseLogger - Using 'UTF-8' encoding to copy filtered resources.
2018-05-08 19:11:28,845 [Worker-16] INFO  o.e.m.c.i.embedder.EclipseLogger - skip non existing resourceDirectory D:\Study\Java\CommandCenter\server\src\main\resources
2018-05-08 19:11:28,848 [Worker-16] INFO  o.e.m.c.i.embedder.EclipseLogger - Using 'UTF-8' encoding to copy filtered resources.
2018-05-08 19:11:28,849 [Worker-16] INFO  o.e.m.c.i.embedder.EclipseLogger - skip non existing resourceDirectory D:\Study\Java\CommandCenter\server\src\test\resources
2018-05-08 19:11:29,760 [Worker-14] INFO  o.e.m.c.i.l.LifecycleMappingFactory - Using org.eclipse.m2e.jdt.JarLifecycleMapping lifecycle mapping for MavenProject: Server:server:0.0.1-SNAPSHOT @ D:\Study\Java\CommandCenter\server\pom.xml.
2018-05-08 19:11:30,083 [Worker-10] INFO  o.e.m.c.i.embedder.EclipseLogger - Using 'UTF-8' encoding to copy filtered resources.
2018-05-08 19:11:30,086 [Worker-10] INFO  o.e.m.c.i.embedder.EclipseLogger - skip non existing resourceDirectory D:\Study\Java\CommandCenter\server\src\main\resources
2018-05-08 19:11:30,091 [Worker-10] INFO  o.e.m.c.i.embedder.EclipseLogger - Using 'UTF-8' encoding to copy filtered resources.
2018-05-08 19:11:30,092 [Worker-10] INFO  o.e.m.c.i.embedder.EclipseLogger - skip non existing resourceDirectory D:\Study\Java\CommandCenter\server\src\test\resources
2018-05-10 11:38:11,297 [Worker-0] INFO  c.g.t.t.d.PublishedGradleVersions - Gradle version information cache is out-of-date. Trying to update.
2018-05-22 09:18:45,555 [Worker-0] INFO  c.g.t.t.d.PublishedGradleVersions - Gradle version information cache is out-of-date. Trying to update.
2018-05-22 09:19:46,827 [Worker-6] INFO  o.e.m.c.i.embedder.EclipseLogger - Using 'UTF-8' encoding to copy filtered resources.
2018-05-22 09:19:46,828 [Worker-6] INFO  o.e.m.c.i.embedder.EclipseLogger - skip non existing resourceDirectory D:\Study\Java\CommandCenter\server\src\main\resources
2018-05-22 09:19:46,831 [Worker-6] INFO  o.e.m.c.i.embedder.EclipseLogger - Using 'UTF-8' encoding to copy filtered resources.
2018-05-22 09:19:46,831 [Worker-6] INFO  o.e.m.c.i.embedder.EclipseLogger - skip non existing resourceDirectory D:\Study\Java\CommandCenter\server\src\test\resources
